<?xml version="1.0" encoding="UTF-8"?>
<testsuite name="org.demo.spock.UploadSpec" tests="2" skipped="1" failures="0" errors="0" timestamp="2025-04-04T07:52:20" hostname="macjdaugherty02" time="0.97">
  <properties/>
  <testcase name="should be able to upload files on a Windows host" classname="org.demo.spock.UploadSpec" time="0.0">
    <skipped/>
  </testcase>
  <testcase name="should be able to upload files on a non-Windows host" classname="org.demo.spock.UploadSpec" time="0.964"/>
  <system-out><![CDATA[]]></system-out>
  <system-err><![CDATA[]]></system-err>
</testsuite>
