<?xml version="1.0" encoding="UTF-8"?>
<testsuite name="org.demo.spock.DownloadSupportSpec" tests="1" skipped="0" failures="0" errors="0" timestamp="2025-04-04T07:52:00" hostname="macjdaugherty02" time="1.13">
  <properties/>
  <testcase name="should be able to use download methods" classname="org.demo.spock.DownloadSupportSpec" time="1.13"/>
  <system-out><![CDATA[
>                                                                            <
>                            ____           _ _                              <
>                           / ___|_ __ __ _(_) |___                          <
>                          | |  _| '__/ _` | | / __|                         <
>                          | |_| | | | (_| | | \__ \                         <
>                           \____|_|  \__,_|_|_|___/                         <
>                              https://grails.org                            <
>                                                                            <

Grails application running at http://localhost:63873 in environment: test
2025-04-04T03:52:00.800-04:00 ERROR 18933 --- [o-auto-1-exec-7] .C.[.[.[.[dispatcherServletRegistration] : Servlet.service() for servlet [dispatcherServletRegistration] in context with path [] threw exception [Filter execution threw an exception] with root cause

java.lang.ClassNotFoundException: org.graalvm.polyglot.Context
	at java.base/jdk.internal.loader.BuiltinClassLoader.loadClass(BuiltinClassLoader.java:641)
	at java.base/jdk.internal.loader.ClassLoaders$AppClassLoader.loadClass(ClassLoaders.java:188)
	at java.base/java.lang.ClassLoader.loadClass(ClassLoader.java:525)
	at java.base/java.lang.Class.getDeclaredMethods0(Native Method)
	at java.base/java.lang.Class.privateGetDeclaredMethods(Class.java:3402)
	at java.base/java.lang.Class.privateGetPublicMethods(Class.java:3427)
	at java.base/java.lang.Class.getMethods(Class.java:2019)
	at java.desktop/com.sun.beans.introspect.MethodInfo.get(MethodInfo.java:70)
	at java.desktop/com.sun.beans.introspect.ClassInfo.getMethods(ClassInfo.java:80)
	at java.desktop/java.beans.Introspector.getTargetMethodInfo(Introspector.java:1029)
	at java.desktop/java.beans.Introspector.getBeanInfo(Introspector.java:446)
	at java.desktop/java.beans.Introspector.getBeanInfo(Introspector.java:195)
	at groovy.lang.MetaClassImpl.lambda$addProperties$25(MetaClassImpl.java:3466)
	at java.base/java.security.AccessController.doPrivileged(AccessController.java:569)
	at groovy.lang.MetaClassImpl.doPrivileged(MetaClassImpl.java:3519)
	at groovy.lang.MetaClassImpl.addProperties(MetaClassImpl.java:3466)
	at groovy.lang.MetaClassImpl.reinitialize(MetaClassImpl.java:3448)
	at groovy.lang.MetaClassImpl.initialize(MetaClassImpl.java:3441)
	at org.codehaus.groovy.reflection.ClassInfo.getMetaClassUnderLock(ClassInfo.java:272)
	at org.codehaus.groovy.reflection.ClassInfo.getMetaClass(ClassInfo.java:314)
	at org.codehaus.groovy.runtime.metaclass.MetaClassRegistryImpl.getMetaClass(MetaClassRegistryImpl.java:269)
	at org.codehaus.groovy.runtime.InvokerHelper.getMetaClass(InvokerHelper.java:596)
	at org.codehaus.groovy.runtime.callsite.CallSiteArray.createCallStaticSite(CallSiteArray.java:69)
	at org.codehaus.groovy.runtime.callsite.CallSiteArray.createCallSite(CallSiteArray.java:159)
	at org.codehaus.groovy.runtime.callsite.CallSiteArray.defaultCall(CallSiteArray.java:45)
	at org.codehaus.groovy.runtime.callsite.StaticMetaMethodSite.call(StaticMetaMethodSite.java:95)
	at org.codehaus.groovy.runtime.callsite.AbstractCallSite.call(AbstractCallSite.java:139)
	at asset.pipeline.AbstractAssetFile.processedStream(AbstractAssetFile.groovy:180)
	at asset.pipeline.AbstractAssetFile.processedStream(AbstractAssetFile.groovy)
	at asset.pipeline.DirectiveProcessor.fileContents(DirectiveProcessor.groovy:320)
	at asset.pipeline.DirectiveProcessor$fileContents$2.call(Unknown Source)
	at org.codehaus.groovy.runtime.callsite.CallSiteArray.defaultCall(CallSiteArray.java:45)
	at asset.pipeline.DirectiveProcessor$fileContents$2.call(Unknown Source)
	at asset.pipeline.AssetPipeline.serveUncompiledAsset(AssetPipeline.groovy:67)
	at asset.pipeline.AssetPipelineFilter.doFilterInternal(AssetPipelineFilter.groovy:284)
	at org.springframework.web.filter.OncePerRequestFilter.doFilter(OncePerRequestFilter.java:116)
	at org.apache.catalina.core.ApplicationFilterChain.internalDoFilter(ApplicationFilterChain.java:164)
	at org.apache.catalina.core.ApplicationFilterChain.doFilter(ApplicationFilterChain.java:140)
	at org.springframework.web.filter.ServerHttpObservationFilter.doFilterInternal(ServerHttpObservationFilter.java:114)
	at org.springframework.web.filter.OncePerRequestFilter.doFilter(OncePerRequestFilter.java:116)
	at org.apache.catalina.core.ApplicationFilterChain.internalDoFilter(ApplicationFilterChain.java:164)
	at org.apache.catalina.core.ApplicationFilterChain.doFilter(ApplicationFilterChain.java:140)
	at org.springframework.web.filter.CorsFilter.doFilterInternal(CorsFilter.java:91)
	at org.springframework.web.filter.OncePerRequestFilter.doFilter(OncePerRequestFilter.java:116)
	at org.apache.catalina.core.ApplicationFilterChain.internalDoFilter(ApplicationFilterChain.java:164)
	at org.apache.catalina.core.ApplicationFilterChain.doFilter(ApplicationFilterChain.java:140)
	at org.apache.catalina.core.StandardWrapperValve.invoke(StandardWrapperValve.java:167)
	at org.apache.catalina.core.StandardContextValve.invoke(StandardContextValve.java:90)
	at org.apache.catalina.authenticator.AuthenticatorBase.invoke(AuthenticatorBase.java:483)
	at org.apache.catalina.core.StandardHostValve.invoke(StandardHostValve.java:115)
	at org.apache.catalina.valves.ErrorReportValve.invoke(ErrorReportValve.java:93)
	at org.apache.catalina.core.StandardEngineValve.invoke(StandardEngineValve.java:74)
	at org.apache.catalina.connector.CoyoteAdapter.service(CoyoteAdapter.java:344)
	at org.apache.coyote.http11.Http11Processor.service(Http11Processor.java:397)
	at org.apache.coyote.AbstractProcessorLight.process(AbstractProcessorLight.java:63)
	at org.apache.coyote.AbstractProtocol$ConnectionHandler.process(AbstractProtocol.java:905)
	at org.apache.tomcat.util.net.NioEndpoint$SocketProcessor.doRun(NioEndpoint.java:1741)
	at org.apache.tomcat.util.net.SocketProcessorBase.run(SocketProcessorBase.java:52)
	at org.apache.tomcat.util.threads.ThreadPoolExecutor.runWorker(ThreadPoolExecutor.java:1190)
	at org.apache.tomcat.util.threads.ThreadPoolExecutor$Worker.run(ThreadPoolExecutor.java:659)
	at org.apache.tomcat.util.threads.TaskThread$WrappingRunnable.run(TaskThread.java:63)
	at java.base/java.lang.Thread.run(Thread.java:840)

2025-04-04T03:52:00.800-04:00 ERROR 18933 --- [o-auto-1-exec-8] .C.[.[.[.[dispatcherServletRegistration] : Servlet.service() for servlet [dispatcherServletRegistration] in context with path [] threw exception [Filter execution threw an exception] with root cause

java.lang.ClassNotFoundException: org.graalvm.polyglot.Context
	at java.base/jdk.internal.loader.BuiltinClassLoader.loadClass(BuiltinClassLoader.java:641)
	at java.base/jdk.internal.loader.ClassLoaders$AppClassLoader.loadClass(ClassLoaders.java:188)
	at java.base/java.lang.ClassLoader.loadClass(ClassLoader.java:525)
	at java.base/java.lang.Class.getDeclaredMethods0(Native Method)
	at java.base/java.lang.Class.privateGetDeclaredMethods(Class.java:3402)
	at java.base/java.lang.Class.privateGetPublicMethods(Class.java:3427)
	at java.base/java.lang.Class.getMethods(Class.java:2019)
	at java.desktop/com.sun.beans.introspect.MethodInfo.get(MethodInfo.java:70)
	at java.desktop/com.sun.beans.introspect.ClassInfo.getMethods(ClassInfo.java:80)
	at java.desktop/java.beans.Introspector.getTargetMethodInfo(Introspector.java:1029)
	at java.desktop/java.beans.Introspector.getBeanInfo(Introspector.java:446)
	at java.desktop/java.beans.Introspector.getBeanInfo(Introspector.java:195)
	at groovy.lang.MetaClassImpl.lambda$addProperties$25(MetaClassImpl.java:3466)
	at java.base/java.security.AccessController.doPrivileged(AccessController.java:569)
	at groovy.lang.MetaClassImpl.doPrivileged(MetaClassImpl.java:3519)
	at groovy.lang.MetaClassImpl.addProperties(MetaClassImpl.java:3466)
	at groovy.lang.MetaClassImpl.reinitialize(MetaClassImpl.java:3448)
	at groovy.lang.MetaClassImpl.initialize(MetaClassImpl.java:3441)
	at org.codehaus.groovy.reflection.ClassInfo.getMetaClassUnderLock(ClassInfo.java:272)
	at org.codehaus.groovy.reflection.ClassInfo.getMetaClass(ClassInfo.java:314)
	at org.codehaus.groovy.runtime.metaclass.MetaClassRegistryImpl.getMetaClass(MetaClassRegistryImpl.java:269)
	at org.codehaus.groovy.runtime.InvokerHelper.getMetaClass(InvokerHelper.java:596)
	at org.codehaus.groovy.runtime.callsite.CallSiteArray.createCallStaticSite(CallSiteArray.java:69)
	at org.codehaus.groovy.runtime.callsite.CallSiteArray.createCallSite(CallSiteArray.java:159)
	at org.codehaus.groovy.runtime.callsite.CallSiteArray.defaultCall(CallSiteArray.java:45)
	at org.codehaus.groovy.runtime.callsite.StaticMetaMethodSite.call(StaticMetaMethodSite.java:95)
	at org.codehaus.groovy.runtime.callsite.AbstractCallSite.call(AbstractCallSite.java:139)
	at asset.pipeline.AbstractAssetFile.processedStream(AbstractAssetFile.groovy:180)
	at asset.pipeline.AbstractAssetFile.processedStream(AbstractAssetFile.groovy)
	at asset.pipeline.DirectiveProcessor.fileContents(DirectiveProcessor.groovy:320)
	at asset.pipeline.DirectiveProcessor$fileContents$2.call(Unknown Source)
	at asset.pipeline.AssetPipeline.serveUncompiledAsset(AssetPipeline.groovy:67)
	at asset.pipeline.AssetPipelineFilter.doFilterInternal(AssetPipelineFilter.groovy:284)
	at org.springframework.web.filter.OncePerRequestFilter.doFilter(OncePerRequestFilter.java:116)
	at org.apache.catalina.core.ApplicationFilterChain.internalDoFilter(ApplicationFilterChain.java:164)
	at org.apache.catalina.core.ApplicationFilterChain.doFilter(ApplicationFilterChain.java:140)
	at org.springframework.web.filter.ServerHttpObservationFilter.doFilterInternal(ServerHttpObservationFilter.java:114)
	at org.springframework.web.filter.OncePerRequestFilter.doFilter(OncePerRequestFilter.java:116)
	at org.apache.catalina.core.ApplicationFilterChain.internalDoFilter(ApplicationFilterChain.java:164)
	at org.apache.catalina.core.ApplicationFilterChain.doFilter(ApplicationFilterChain.java:140)
	at org.springframework.web.filter.CorsFilter.doFilterInternal(CorsFilter.java:91)
	at org.springframework.web.filter.OncePerRequestFilter.doFilter(OncePerRequestFilter.java:116)
	at org.apache.catalina.core.ApplicationFilterChain.internalDoFilter(ApplicationFilterChain.java:164)
	at org.apache.catalina.core.ApplicationFilterChain.doFilter(ApplicationFilterChain.java:140)
	at org.apache.catalina.core.StandardWrapperValve.invoke(StandardWrapperValve.java:167)
	at org.apache.catalina.core.StandardContextValve.invoke(StandardContextValve.java:90)
	at org.apache.catalina.authenticator.AuthenticatorBase.invoke(AuthenticatorBase.java:483)
	at org.apache.catalina.core.StandardHostValve.invoke(StandardHostValve.java:115)
	at org.apache.catalina.valves.ErrorReportValve.invoke(ErrorReportValve.java:93)
	at org.apache.catalina.core.StandardEngineValve.invoke(StandardEngineValve.java:74)
	at org.apache.catalina.connector.CoyoteAdapter.service(CoyoteAdapter.java:344)
	at org.apache.coyote.http11.Http11Processor.service(Http11Processor.java:397)
	at org.apache.coyote.AbstractProcessorLight.process(AbstractProcessorLight.java:63)
	at org.apache.coyote.AbstractProtocol$ConnectionHandler.process(AbstractProtocol.java:905)
	at org.apache.tomcat.util.net.NioEndpoint$SocketProcessor.doRun(NioEndpoint.java:1741)
	at org.apache.tomcat.util.net.SocketProcessorBase.run(SocketProcessorBase.java:52)
	at org.apache.tomcat.util.threads.ThreadPoolExecutor.runWorker(ThreadPoolExecutor.java:1190)
	at org.apache.tomcat.util.threads.ThreadPoolExecutor$Worker.run(ThreadPoolExecutor.java:659)
	at org.apache.tomcat.util.threads.TaskThread$WrappingRunnable.run(TaskThread.java:63)
	at java.base/java.lang.Thread.run(Thread.java:840)

2025-04-04T03:52:00.835-04:00 ERROR 18933 --- [o-auto-1-exec-5] .C.[.[.[.[dispatcherServletRegistration] : Servlet.service() for servlet [dispatcherServletRegistration] in context with path [] threw exception [Filter execution threw an exception] with root cause

java.lang.ClassNotFoundException: org.graalvm.polyglot.Context
	at java.base/jdk.internal.loader.BuiltinClassLoader.loadClass(BuiltinClassLoader.java:641)
	at java.base/jdk.internal.loader.ClassLoaders$AppClassLoader.loadClass(ClassLoaders.java:188)
	at java.base/java.lang.ClassLoader.loadClass(ClassLoader.java:525)
	at java.base/java.lang.Class.getDeclaredMethods0(Native Method)
	at java.base/java.lang.Class.privateGetDeclaredMethods(Class.java:3402)
	at java.base/java.lang.Class.privateGetPublicMethods(Class.java:3427)
	at java.base/java.lang.Class.getMethods(Class.java:2019)
	at java.desktop/com.sun.beans.introspect.MethodInfo.get(MethodInfo.java:70)
	at java.desktop/com.sun.beans.introspect.ClassInfo.getMethods(ClassInfo.java:80)
	at java.desktop/java.beans.Introspector.getTargetMethodInfo(Introspector.java:1029)
	at java.desktop/java.beans.Introspector.getBeanInfo(Introspector.java:446)
	at java.desktop/java.beans.Introspector.getBeanInfo(Introspector.java:195)
	at groovy.lang.MetaClassImpl.lambda$addProperties$25(MetaClassImpl.java:3466)
	at java.base/java.security.AccessController.doPrivileged(AccessController.java:569)
	at groovy.lang.MetaClassImpl.doPrivileged(MetaClassImpl.java:3519)
	at groovy.lang.MetaClassImpl.addProperties(MetaClassImpl.java:3466)
	at groovy.lang.MetaClassImpl.reinitialize(MetaClassImpl.java:3448)
	at groovy.lang.MetaClassImpl.initialize(MetaClassImpl.java:3441)
	at org.codehaus.groovy.reflection.ClassInfo.getMetaClassUnderLock(ClassInfo.java:272)
	at org.codehaus.groovy.reflection.ClassInfo.getMetaClass(ClassInfo.java:314)
	at org.codehaus.groovy.runtime.metaclass.MetaClassRegistryImpl.getMetaClass(MetaClassRegistryImpl.java:269)
	at org.codehaus.groovy.runtime.InvokerHelper.getMetaClass(InvokerHelper.java:596)
	at org.codehaus.groovy.runtime.callsite.CallSiteArray.createCallStaticSite(CallSiteArray.java:69)
	at org.codehaus.groovy.runtime.callsite.CallSiteArray.createCallSite(CallSiteArray.java:159)
	at org.codehaus.groovy.runtime.callsite.CallSiteArray.defaultCall(CallSiteArray.java:45)
	at org.codehaus.groovy.runtime.callsite.StaticMetaMethodSite.call(StaticMetaMethodSite.java:95)
	at org.codehaus.groovy.runtime.callsite.AbstractCallSite.call(AbstractCallSite.java:139)
	at asset.pipeline.AbstractAssetFile.processedStream(AbstractAssetFile.groovy:180)
	at asset.pipeline.AbstractAssetFile.processedStream(AbstractAssetFile.groovy)
	at asset.pipeline.DirectiveProcessor.fileContents(DirectiveProcessor.groovy:320)
	at asset.pipeline.DirectiveProcessor$fileContents$2.call(Unknown Source)
	at asset.pipeline.AssetPipeline.serveUncompiledAsset(AssetPipeline.groovy:67)
	at asset.pipeline.AssetPipelineFilter.doFilterInternal(AssetPipelineFilter.groovy:284)
	at org.springframework.web.filter.OncePerRequestFilter.doFilter(OncePerRequestFilter.java:116)
	at org.apache.catalina.core.ApplicationFilterChain.internalDoFilter(ApplicationFilterChain.java:164)
	at org.apache.catalina.core.ApplicationFilterChain.doFilter(ApplicationFilterChain.java:140)
	at org.springframework.web.filter.ServerHttpObservationFilter.doFilterInternal(ServerHttpObservationFilter.java:114)
	at org.springframework.web.filter.OncePerRequestFilter.doFilter(OncePerRequestFilter.java:116)
	at org.apache.catalina.core.ApplicationFilterChain.internalDoFilter(ApplicationFilterChain.java:164)
	at org.apache.catalina.core.ApplicationFilterChain.doFilter(ApplicationFilterChain.java:140)
	at org.springframework.web.filter.CorsFilter.doFilterInternal(CorsFilter.java:91)
	at org.springframework.web.filter.OncePerRequestFilter.doFilter(OncePerRequestFilter.java:116)
	at org.apache.catalina.core.ApplicationFilterChain.internalDoFilter(ApplicationFilterChain.java:164)
	at org.apache.catalina.core.ApplicationFilterChain.doFilter(ApplicationFilterChain.java:140)
	at org.apache.catalina.core.StandardWrapperValve.invoke(StandardWrapperValve.java:167)
	at org.apache.catalina.core.StandardContextValve.invoke(StandardContextValve.java:90)
	at org.apache.catalina.authenticator.AuthenticatorBase.invoke(AuthenticatorBase.java:483)
	at org.apache.catalina.core.StandardHostValve.invoke(StandardHostValve.java:115)
	at org.apache.catalina.valves.ErrorReportValve.invoke(ErrorReportValve.java:93)
	at org.apache.catalina.core.StandardEngineValve.invoke(StandardEngineValve.java:74)
	at org.apache.catalina.connector.CoyoteAdapter.service(CoyoteAdapter.java:344)
	at org.apache.coyote.http11.Http11Processor.service(Http11Processor.java:397)
	at org.apache.coyote.AbstractProcessorLight.process(AbstractProcessorLight.java:63)
	at org.apache.coyote.AbstractProtocol$ConnectionHandler.process(AbstractProtocol.java:905)
	at org.apache.tomcat.util.net.NioEndpoint$SocketProcessor.doRun(NioEndpoint.java:1741)
	at org.apache.tomcat.util.net.SocketProcessorBase.run(SocketProcessorBase.java:52)
	at org.apache.tomcat.util.threads.ThreadPoolExecutor.runWorker(ThreadPoolExecutor.java:1190)
	at org.apache.tomcat.util.threads.ThreadPoolExecutor$Worker.run(ThreadPoolExecutor.java:659)
	at org.apache.tomcat.util.threads.TaskThread$WrappingRunnable.run(TaskThread.java:63)
	at java.base/java.lang.Thread.run(Thread.java:840)

2025-04-04T03:52:00.836-04:00 ERROR 18933 --- [o-auto-1-exec-3] .C.[.[.[.[dispatcherServletRegistration] : Servlet.service() for servlet [dispatcherServletRegistration] in context with path [] threw exception [Filter execution threw an exception] with root cause

java.lang.ClassNotFoundException: org.graalvm.polyglot.Context
	at java.base/jdk.internal.loader.BuiltinClassLoader.loadClass(BuiltinClassLoader.java:641)
	at java.base/jdk.internal.loader.ClassLoaders$AppClassLoader.loadClass(ClassLoaders.java:188)
	at java.base/java.lang.ClassLoader.loadClass(ClassLoader.java:525)
	at java.base/java.lang.Class.getDeclaredMethods0(Native Method)
	at java.base/java.lang.Class.privateGetDeclaredMethods(Class.java:3402)
	at java.base/java.lang.Class.privateGetPublicMethods(Class.java:3427)
	at java.base/java.lang.Class.getMethods(Class.java:2019)
	at java.desktop/com.sun.beans.introspect.MethodInfo.get(MethodInfo.java:70)
	at java.desktop/com.sun.beans.introspect.ClassInfo.getMethods(ClassInfo.java:80)
	at java.desktop/java.beans.Introspector.getTargetMethodInfo(Introspector.java:1029)
	at java.desktop/java.beans.Introspector.getBeanInfo(Introspector.java:446)
	at java.desktop/java.beans.Introspector.getBeanInfo(Introspector.java:195)
	at groovy.lang.MetaClassImpl.lambda$addProperties$25(MetaClassImpl.java:3466)
	at java.base/java.security.AccessController.doPrivileged(AccessController.java:569)
	at groovy.lang.MetaClassImpl.doPrivileged(MetaClassImpl.java:3519)
	at groovy.lang.MetaClassImpl.addProperties(MetaClassImpl.java:3466)
	at groovy.lang.MetaClassImpl.reinitialize(MetaClassImpl.java:3448)
	at groovy.lang.MetaClassImpl.initialize(MetaClassImpl.java:3441)
	at org.codehaus.groovy.reflection.ClassInfo.getMetaClassUnderLock(ClassInfo.java:272)
	at org.codehaus.groovy.reflection.ClassInfo.getMetaClass(ClassInfo.java:314)
	at org.codehaus.groovy.runtime.metaclass.MetaClassRegistryImpl.getMetaClass(MetaClassRegistryImpl.java:269)
	at org.codehaus.groovy.runtime.InvokerHelper.getMetaClass(InvokerHelper.java:596)
	at org.codehaus.groovy.runtime.callsite.CallSiteArray.createCallStaticSite(CallSiteArray.java:69)
	at org.codehaus.groovy.runtime.callsite.CallSiteArray.createCallSite(CallSiteArray.java:159)
	at org.codehaus.groovy.runtime.callsite.CallSiteArray.defaultCall(CallSiteArray.java:45)
	at org.codehaus.groovy.runtime.callsite.StaticMetaMethodSite.call(StaticMetaMethodSite.java:95)
	at org.codehaus.groovy.runtime.callsite.AbstractCallSite.call(AbstractCallSite.java:139)
	at asset.pipeline.AbstractAssetFile.processedStream(AbstractAssetFile.groovy:180)
	at asset.pipeline.AbstractAssetFile.processedStream(AbstractAssetFile.groovy)
	at asset.pipeline.DirectiveProcessor.fileContents(DirectiveProcessor.groovy:320)
	at asset.pipeline.DirectiveProcessor$fileContents$2.call(Unknown Source)
	at asset.pipeline.AssetPipeline.serveUncompiledAsset(AssetPipeline.groovy:67)
	at asset.pipeline.AssetPipelineFilter.doFilterInternal(AssetPipelineFilter.groovy:284)
	at org.springframework.web.filter.OncePerRequestFilter.doFilter(OncePerRequestFilter.java:116)
	at org.apache.catalina.core.ApplicationFilterChain.internalDoFilter(ApplicationFilterChain.java:164)
	at org.apache.catalina.core.ApplicationFilterChain.doFilter(ApplicationFilterChain.java:140)
	at org.springframework.web.filter.ServerHttpObservationFilter.doFilterInternal(ServerHttpObservationFilter.java:114)
	at org.springframework.web.filter.OncePerRequestFilter.doFilter(OncePerRequestFilter.java:116)
	at org.apache.catalina.core.ApplicationFilterChain.internalDoFilter(ApplicationFilterChain.java:164)
	at org.apache.catalina.core.ApplicationFilterChain.doFilter(ApplicationFilterChain.java:140)
	at org.springframework.web.filter.CorsFilter.doFilterInternal(CorsFilter.java:91)
	at org.springframework.web.filter.OncePerRequestFilter.doFilter(OncePerRequestFilter.java:116)
	at org.apache.catalina.core.ApplicationFilterChain.internalDoFilter(ApplicationFilterChain.java:164)
	at org.apache.catalina.core.ApplicationFilterChain.doFilter(ApplicationFilterChain.java:140)
	at org.apache.catalina.core.StandardWrapperValve.invoke(StandardWrapperValve.java:167)
	at org.apache.catalina.core.StandardContextValve.invoke(StandardContextValve.java:90)
	at org.apache.catalina.authenticator.AuthenticatorBase.invoke(AuthenticatorBase.java:483)
	at org.apache.catalina.core.StandardHostValve.invoke(StandardHostValve.java:115)
	at org.apache.catalina.valves.ErrorReportValve.invoke(ErrorReportValve.java:93)
	at org.apache.catalina.core.StandardEngineValve.invoke(StandardEngineValve.java:74)
	at org.apache.catalina.connector.CoyoteAdapter.service(CoyoteAdapter.java:344)
	at org.apache.coyote.http11.Http11Processor.service(Http11Processor.java:397)
	at org.apache.coyote.AbstractProcessorLight.process(AbstractProcessorLight.java:63)
	at org.apache.coyote.AbstractProtocol$ConnectionHandler.process(AbstractProtocol.java:905)
	at org.apache.tomcat.util.net.NioEndpoint$SocketProcessor.doRun(NioEndpoint.java:1741)
	at org.apache.tomcat.util.net.SocketProcessorBase.run(SocketProcessorBase.java:52)
	at org.apache.tomcat.util.threads.ThreadPoolExecutor.runWorker(ThreadPoolExecutor.java:1190)
	at org.apache.tomcat.util.threads.ThreadPoolExecutor$Worker.run(ThreadPoolExecutor.java:659)
	at org.apache.tomcat.util.threads.TaskThread$WrappingRunnable.run(TaskThread.java:63)
	at java.base/java.lang.Thread.run(Thread.java:840)

]]></system-out>
  <system-err><![CDATA[]]></system-err>
</testsuite>
